<?xml version="1.0" encoding="UTF-8"?>
<testng-results skipped="0" failed="0" ignored="0" total="3" passed="3">
  <reporter-output>
  </reporter-output>
  <suite name="Default suite" duration-ms="57069" started-at="2018-10-04T13:30:44Z" finished-at="2018-10-04T13:31:41Z">
    <groups>
    </groups>
    <test name="Default test" duration-ms="57069" started-at="2018-10-04T13:30:44Z" finished-at="2018-10-04T13:31:41Z">
      <class name="Test.TestBase">
        <test-method status="PASS" signature="invokeBrowser()[pri:0, instance:Test.TestBase@77f99a05]" name="invokeBrowser" is-config="true" duration-ms="21921" started-at="2018-10-04T13:30:22Z" finished-at="2018-10-04T13:30:44Z">
          <reporter-output>
          </reporter-output>
        </test-method> <!-- invokeBrowser -->
        <test-method status="PASS" signature="flipKartLaunch()[pri:0, instance:Test.TestBase@77f99a05]" name="flipKartLaunch" duration-ms="26914" started-at="2018-10-04T13:30:45Z" finished-at="2018-10-04T13:31:11Z">
          <reporter-output>
          </reporter-output>
        </test-method> <!-- flipKartLaunch -->
        <test-method status="PASS" signature="flipKartLogin()[pri:0, instance:Test.TestBase@77f99a05]" name="flipKartLogin" duration-ms="2075" started-at="2018-10-04T13:31:12Z" depends-on-methods="Test.TestBase.flipKartLaunch" finished-at="2018-10-04T13:31:14Z">
          <reporter-output>
          </reporter-output>
        </test-method> <!-- flipKartLogin -->
        <test-method status="PASS" signature="flipKartSearchAndAddCard()[pri:0, instance:Test.TestBase@77f99a05]" name="flipKartSearchAndAddCard" duration-ms="27878" started-at="2018-10-04T13:31:14Z" depends-on-methods="Test.TestBase.flipKartLogin" finished-at="2018-10-04T13:31:41Z">
          <reporter-output>
          </reporter-output>
        </test-method> <!-- flipKartSearchAndAddCard -->
      </class> <!-- Test.TestBase -->
    </test> <!-- Default test -->
  </suite> <!-- Default suite -->
</testng-results>
