<?xml version="1.0" encoding="UTF-8"?>
<!-- Generated by org.testng.reporters.JUnitXMLReporter -->
<testsuite hostname="Suresh" ignored="0" name="Default test" tests="3" failures="0" timestamp="04 Oct 2018 13:31:43 GMT" time="57.069" errors="0">
  <testcase name="flipKartLaunch" time="26.914" classname="Test.TestBase"/>
  <testcase name="flipKartLogin" time="2.075" classname="Test.TestBase"/>
  <testcase name="flipKartSearchAndAddCard" time="27.878" classname="Test.TestBase"/>
</testsuite> <!-- Default test -->
